\BOOKMARK [0][-]{Dedica.0}{Dedica}{}% 1
\BOOKMARK [0][-]{tableofcontents.0}{Indice}{}% 2
\BOOKMARK [0][-]{lof.0}{Elenco delle figure}{}% 3
\BOOKMARK [0][-]{lot.0}{Elenco delle tabelle}{}% 4
\BOOKMARK [0][-]{Sommario.0}{Sommario}{}% 5
\BOOKMARK [0][-]{Abstract.0}{Abstract}{}% 6
\BOOKMARK [0][-]{introduzione.0}{Introduzione}{}% 7
\BOOKMARK [0][-]{chapter.1}{Il calcolo parallelo}{}% 8
\BOOKMARK [1][-]{section.1.1}{Introduzione}{chapter.1}% 9
\BOOKMARK [1][-]{section.1.2}{Tassonomia di Flynn}{chapter.1}% 10
\BOOKMARK [1][-]{section.1.3}{Modelli di comunicazione}{chapter.1}% 11
\BOOKMARK [2][-]{subsection.1.3.1}{Memoria condivisa}{section.1.3}% 12
\BOOKMARK [2][-]{subsection.1.3.2}{Memoria distribuita}{section.1.3}% 13
\BOOKMARK [2][-]{subsection.1.3.3}{Sistemi ibridi}{section.1.3}% 14
\BOOKMARK [1][-]{section.1.4}{Progettazione di un algoritmo parallelo}{chapter.1}% 15
\BOOKMARK [2][-]{subsection.1.4.1}{Tecniche di decomposizione}{section.1.4}% 16
\BOOKMARK [2][-]{subsection.1.4.2}{Tecniche di mapping}{section.1.4}% 17
\BOOKMARK [2][-]{subsection.1.4.3}{Modelli di un algoritmo parallelo}{section.1.4}% 18
\BOOKMARK [1][-]{section.1.5}{Misure di performance}{chapter.1}% 19
\BOOKMARK [1][-]{section.1.6}{Linguaggi di programmazione}{chapter.1}% 20
\BOOKMARK [2][-]{subsection.1.6.1}{OpenMP}{section.1.6}% 21
\BOOKMARK [1][-]{section.1.7}{Nuovi approcci al calcolo parallelo: GPGPU computing}{chapter.1}% 22
\BOOKMARK [0][-]{chapter.2}{CUDA - Compute Unified Device Architecture}{}% 23
\BOOKMARK [1][-]{section.2.1}{Introduzione}{chapter.2}% 24
\BOOKMARK [1][-]{section.2.2}{Architettura hardware}{chapter.2}% 25
\BOOKMARK [2][-]{subsection.2.2.1}{Compute capability}{section.2.2}% 26
\BOOKMARK [2][-]{subsection.2.2.2}{Architettura Kepler}{section.2.2}% 27
\BOOKMARK [1][-]{section.2.3}{Interfaccia di programmazione}{chapter.2}% 28
\BOOKMARK [2][-]{subsection.2.3.1}{Host e Device}{section.2.3}% 29
\BOOKMARK [2][-]{subsection.2.3.2}{I kernel}{section.2.3}% 30
\BOOKMARK [2][-]{subsection.2.3.3}{La memoria}{section.2.3}% 31
\BOOKMARK [2][-]{subsection.2.3.4}{Parallelismo dinamico}{section.2.3}% 32
\BOOKMARK [1][-]{section.2.4}{Tools di sviluppo}{chapter.2}% 33
\BOOKMARK [2][-]{subsection.2.4.1}{Nsight}{section.2.4}% 34
\BOOKMARK [2][-]{subsection.2.4.2}{Visual Profiler}{section.2.4}% 35
\BOOKMARK [0][-]{chapter.3}{Automi Cellulari}{}% 36
\BOOKMARK [0][-]{chapter.4}{OpenCAL}{}% 37
\BOOKMARK [0][-]{chapter.5}{OpenCAL-CUDA}{}% 38
\BOOKMARK [0][-]{chapter.6}{Conclusioni}{}% 39
\BOOKMARK [0][-]{ringraziamenti.0}{Ringraziamenti}{}% 40
\BOOKMARK [0][-]{chapter*.28}{Lista delle figure}{}% 41
\BOOKMARK [0][-]{chapter*.29}{Lista delle tabelle}{}% 42
\BOOKMARK [0][-]{chapter*.30}{Riferimenti bibliografici}{}% 43
